[debug] [2023-12-20T14:21:52.206Z] ----------------------------------------------------------------------
[debug] [2023-12-20T14:21:52.208Z] Command:       /usr/local/bin/firebase /Users/zaki/.cache/firebase/tools/lib/node_modules/firebase-tools/lib/bin/firebase emulators:start --only functions
[debug] [2023-12-20T14:21:52.208Z] CLI Version:   13.0.2
[debug] [2023-12-20T14:21:52.208Z] Platform:      darwin
[debug] [2023-12-20T14:21:52.209Z] Node Version:  v18.5.0
[debug] [2023-12-20T14:21:52.210Z] Time:          Wed Dec 20 2023 15:21:52 GMT+0100 (Central European Standard Time)
[debug] [2023-12-20T14:21:52.210Z] ----------------------------------------------------------------------
[debug] 
[debug] [2023-12-20T14:21:52.319Z] > command requires scopes: ["email","openid","https://www.googleapis.com/auth/cloudplatformprojects.readonly","https://www.googleapis.com/auth/firebase","https://www.googleapis.com/auth/cloud-platform"]
[debug] [2023-12-20T14:21:52.321Z] > authorizing via signed-in user (sakariyassaadaq@gmail.com)
[info] i  emulators: Starting emulators: functions {"metadata":{"emulator":{"name":"hub"},"message":"Starting emulators: functions"}}
[debug] [2023-12-20T14:21:52.621Z] [logging] Logging Emulator only supports listening on one address (127.0.0.1). Not listening on ::1
[debug] [2023-12-20T14:21:52.623Z] assigned listening specs for emulators {"user":{"hub":[{"address":"127.0.0.1","family":"IPv4","port":4400},{"address":"::1","family":"IPv6","port":4400}],"ui":[{"address":"127.0.0.1","family":"IPv4","port":4000},{"address":"::1","family":"IPv6","port":4000}],"logging":[{"address":"127.0.0.1","family":"IPv4","port":4500}]},"metadata":{"message":"assigned listening specs for emulators"}}
[debug] [2023-12-20T14:21:52.637Z] [hub] writing locator at /var/folders/y3/959kxsqs3tq53k92sl8pkqr40000gn/T/hub-fir-realtime-339a1.json
[debug] [2023-12-20T14:21:52.828Z] [functions] Functions Emulator only supports listening on one address (127.0.0.1). Not listening on ::1
[debug] [2023-12-20T14:21:52.831Z] [eventarc] Eventarc Emulator only supports listening on one address (127.0.0.1). Not listening on ::1
[debug] [2023-12-20T14:21:52.832Z] late-assigned ports for functions and eventarc emulators {"user":{"hub":[{"address":"127.0.0.1","family":"IPv4","port":4400},{"address":"::1","family":"IPv6","port":4400}],"ui":[{"address":"127.0.0.1","family":"IPv4","port":4000},{"address":"::1","family":"IPv6","port":4000}],"logging":[{"address":"127.0.0.1","family":"IPv4","port":4500}],"functions":[{"address":"127.0.0.1","family":"IPv4","port":5001}],"eventarc":[{"address":"127.0.0.1","family":"IPv4","port":9299}]},"metadata":{"message":"late-assigned ports for functions and eventarc emulators"}}
[warn] ⚠  functions: The following emulators are not running, calls to these services from the Functions emulator will affect production: auth, firestore, database, hosting, pubsub, storage {"metadata":{"emulator":{"name":"functions"},"message":"The following emulators are not running, calls to these services from the Functions emulator will affect production: \u001b[1mauth, firestore, database, hosting, pubsub, storage\u001b[22m"}}
[debug] [2023-12-20T14:21:52.835Z] defaultcredentials: writing to file /Users/zaki/.config/firebase/sakariyassaadaq_gmail_com_application_default_credentials.json
[debug] [2023-12-20T14:21:52.848Z] Setting GAC to /Users/zaki/.config/firebase/sakariyassaadaq_gmail_com_application_default_credentials.json {"metadata":{"emulator":{"name":"functions"},"message":"Setting GAC to /Users/zaki/.config/firebase/sakariyassaadaq_gmail_com_application_default_credentials.json"}}
[debug] [2023-12-20T14:21:52.851Z] >>> [apiv2][query] GET https://firebase.googleapis.com/v1beta1/projects/fir-realtime-339a1/adminSdkConfig [none]
[debug] [2023-12-20T14:21:53.497Z] <<< [apiv2][status] GET https://firebase.googleapis.com/v1beta1/projects/fir-realtime-339a1/adminSdkConfig 200
[debug] [2023-12-20T14:21:53.498Z] <<< [apiv2][body] GET https://firebase.googleapis.com/v1beta1/projects/fir-realtime-339a1/adminSdkConfig {"projectId":"fir-realtime-339a1","databaseURL":"https://fir-realtime-339a1-default-rtdb.europe-west1.firebasedatabase.app","storageBucket":"fir-realtime-339a1.appspot.com"}
[debug] [2023-12-20T14:21:53.518Z] Ignoring unsupported arg: auto_download {"metadata":{"emulator":{"name":"ui"},"message":"Ignoring unsupported arg: auto_download"}}
[debug] [2023-12-20T14:21:53.518Z] Ignoring unsupported arg: port {"metadata":{"emulator":{"name":"ui"},"message":"Ignoring unsupported arg: port"}}
[debug] [2023-12-20T14:21:53.518Z] Starting Emulator UI with command {"binary":"node","args":["/Users/zaki/.cache/firebase/emulators/ui-v1.11.7/server/server.js"],"optionalArgs":[],"joinArgs":false} {"metadata":{"emulator":{"name":"ui"},"message":"Starting Emulator UI with command {\"binary\":\"node\",\"args\":[\"/Users/zaki/.cache/firebase/emulators/ui-v1.11.7/server/server.js\"],\"optionalArgs\":[],\"joinArgs\":false}"}}
[info] i  ui: Emulator UI logging to ui-debug.log {"metadata":{"emulator":{"name":"ui"},"message":"Emulator UI logging to \u001b[1mui-debug.log\u001b[22m"}}
[debug] [2023-12-20T14:21:53.691Z] Web / API server started at 127.0.0.1:4000
 {"metadata":{"emulator":{"name":"ui"},"message":"Web / API server started at 127.0.0.1:4000\n"}}
[debug] [2023-12-20T14:21:53.692Z] Web / API server started at ::1:4000
 {"metadata":{"emulator":{"name":"ui"},"message":"Web / API server started at ::1:4000\n"}}
[info] i  functions: Watching "/Users/zaki/Library/webb/lia-mapp/taxi/functions" for Cloud Functions... {"metadata":{"emulator":{"name":"functions"},"message":"Watching \"/Users/zaki/Library/webb/lia-mapp/taxi/functions\" for Cloud Functions..."}}
[debug] [2023-12-20T14:21:53.796Z] Validating nodejs source
[debug] [2023-12-20T14:21:55.384Z] > [functions] package.json contents: {
  "name": "functions",
  "description": "Cloud Functions for Firebase",
  "scripts": {
    "serve": "firebase emulators:start --only functions",
    "shell": "firebase functions:shell",
    "start": "npm run shell",
    "deploy": "firebase deploy --only functions",
    "logs": "firebase functions:log"
  },
  "engines": {
    "node": "18"
  },
  "main": "index.js",
  "dependencies": {
    "dotenv": "^16.3.1",
    "express": "^4.18.2",
    "firebase-admin": "^11.8.0",
    "firebase-functions": "^4.5.0"
  },
  "devDependencies": {
    "firebase-functions-test": "^3.1.0"
  },
  "private": true
}
[debug] [2023-12-20T14:21:55.384Z] Building nodejs source
[debug] [2023-12-20T14:21:55.385Z] Failed to find version of module node: reached end of search path /Users/zaki/Library/webb/lia-mapp/taxi/functions/node_modules
[info] ✔  functions: Using node@18 from host. 
[debug] [2023-12-20T14:21:55.388Z] Could not find functions.yaml. Must use http discovery
[debug] [2023-12-20T14:21:55.402Z] Found firebase-functions binary at '/Users/zaki/Library/webb/lia-mapp/taxi/functions/node_modules/.bin/firebase-functions'
[info] Serving at port 8068

[debug] [2023-12-20T14:21:56.008Z] Got response from /__/functions.yaml {"endpoints":{"helloWorld":{"availableMemoryMb":null,"timeoutSeconds":null,"minInstances":null,"maxInstances":null,"ingressSettings":null,"concurrency":null,"serviceAccountEmail":null,"vpc":null,"platform":"gcfv2","labels":{},"httpsTrigger":{},"entryPoint":"helloWorld"}},"specVersion":"v1alpha1","requiredAPIs":[]}
[info] ✔  functions: Loaded functions definitions from source: helloWorld. {"metadata":{"emulator":{"name":"functions"},"message":"Loaded functions definitions from source: helloWorld."}}
[info] ✔  functions[us-central1-helloWorld]: http function initialized (http://127.0.0.1:5001/fir-realtime-339a1/us-central1/helloWorld). {"metadata":{"emulator":{"name":"functions"},"message":"\u001b[1mhttp\u001b[22m function initialized (http://127.0.0.1:5001/fir-realtime-339a1/us-central1/helloWorld)."}}
[info] 
┌─────────────────────────────────────────────────────────────┐
│ ✔  All emulators ready! It is now safe to connect your app. │
│ i  View Emulator UI at http://127.0.0.1:4000/               │
└─────────────────────────────────────────────────────────────┘

┌───────────┬────────────────┬─────────────────────────────────┐
│ Emulator  │ Host:Port      │ View in Emulator UI             │
├───────────┼────────────────┼─────────────────────────────────┤
│ Functions │ 127.0.0.1:5001 │ http://127.0.0.1:4000/functions │
└───────────┴────────────────┴─────────────────────────────────┘
  Emulator Hub running at 127.0.0.1:4400
  Other reserved ports: 4500

Issues? Report them at https://github.com/firebase/firebase-tools/issues and attach the *-debug.log files.
 
[debug] [2023-12-20T14:22:07.932Z] [work-queue] {"queuedWork":["/fir-realtime-339a1/us-central1/helloWorld-2023-12-20T14:22:07.932Z"],"queueLength":1,"runningWork":[],"workRunningCount":0}
[debug] [2023-12-20T14:22:07.935Z] [work-queue] {"queuedWork":[],"queueLength":0,"runningWork":["/fir-realtime-339a1/us-central1/helloWorld-2023-12-20T14:22:07.932Z"],"workRunningCount":1}
[debug] [2023-12-20T14:22:07.936Z] Accepted request GET /fir-realtime-339a1/us-central1/helloWorld --> us-central1-helloWorld
[debug] [2023-12-20T14:22:07.938Z] [functions] Runtime ready! Sending request! {"metadata":{"emulator":{"name":"functions"},"message":"[functions] Runtime ready! Sending request!"}}
[debug] [2023-12-20T14:22:07.940Z] [functions] Got req.url=/fir-realtime-339a1/us-central1/helloWorld, mapping to path=/ {"metadata":{"emulator":{"name":"functions"},"message":"[functions] Got req.url=/fir-realtime-339a1/us-central1/helloWorld, mapping to path=/"}}
[debug] [2023-12-20T14:22:07.980Z] [worker-pool] addWorker(us-central1-helloWorld) {"metadata":{"emulator":{"name":"functions"},"message":"[worker-pool] addWorker(us-central1-helloWorld)"}}
[debug] [2023-12-20T14:22:07.981Z] [worker-pool] Adding worker with key us-central1-helloWorld, total=1 {"metadata":{"emulator":{"name":"functions"},"message":"[worker-pool] Adding worker with key us-central1-helloWorld, total=1"}}
[debug] [2023-12-20T14:22:08.895Z] [runtime-status] [43535] Resolved module firebase-admin {"declared":true,"installed":true,"version":"11.11.1","resolution":"/Users/zaki/Library/webb/lia-mapp/taxi/functions/node_modules/firebase-admin/lib/index.js"} {"metadata":{"emulator":{"name":"functions"},"function":{"name":"us-central1-helloWorld"},"extension":{},"message":"[runtime-status] [43535] Resolved module firebase-admin {\"declared\":true,\"installed\":true,\"version\":\"11.11.1\",\"resolution\":\"/Users/zaki/Library/webb/lia-mapp/taxi/functions/node_modules/firebase-admin/lib/index.js\"}"}}
[debug] [2023-12-20T14:22:08.896Z] [runtime-status] [43535] Resolved module firebase-functions {"declared":true,"installed":true,"version":"4.5.0","resolution":"/Users/zaki/Library/webb/lia-mapp/taxi/functions/node_modules/firebase-functions/lib/v1/index.js"} {"metadata":{"emulator":{"name":"functions"},"function":{"name":"us-central1-helloWorld"},"extension":{},"message":"[runtime-status] [43535] Resolved module firebase-functions {\"declared\":true,\"installed\":true,\"version\":\"4.5.0\",\"resolution\":\"/Users/zaki/Library/webb/lia-mapp/taxi/functions/node_modules/firebase-functions/lib/v1/index.js\"}"}}
[debug] [2023-12-20T14:22:08.897Z] [runtime-status] [43535] Outgoing network have been stubbed. [{"name":"http","status":"mocked"},{"name":"http","status":"mocked"},{"name":"https","status":"mocked"},{"name":"https","status":"mocked"},{"name":"net","status":"mocked"}] {"metadata":{"emulator":{"name":"functions"},"function":{"name":"us-central1-helloWorld"},"extension":{},"message":"[runtime-status] [43535] Outgoing network have been stubbed. [{\"name\":\"http\",\"status\":\"mocked\"},{\"name\":\"http\",\"status\":\"mocked\"},{\"name\":\"https\",\"status\":\"mocked\"},{\"name\":\"https\",\"status\":\"mocked\"},{\"name\":\"net\",\"status\":\"mocked\"}]"}}
[debug] [2023-12-20T14:22:08.898Z] [runtime-status] [43535] Resolved module firebase-functions {"declared":true,"installed":true,"version":"4.5.0","resolution":"/Users/zaki/Library/webb/lia-mapp/taxi/functions/node_modules/firebase-functions/lib/v1/index.js"} {"metadata":{"emulator":{"name":"functions"},"function":{"name":"us-central1-helloWorld"},"extension":{},"message":"[runtime-status] [43535] Resolved module firebase-functions {\"declared\":true,\"installed\":true,\"version\":\"4.5.0\",\"resolution\":\"/Users/zaki/Library/webb/lia-mapp/taxi/functions/node_modules/firebase-functions/lib/v1/index.js\"}"}}
[debug] [2023-12-20T14:22:09.039Z] [runtime-status] [43535] Checked functions.config() {"config":{}} {"metadata":{"emulator":{"name":"functions"},"function":{"name":"us-central1-helloWorld"},"extension":{},"message":"[runtime-status] [43535] Checked functions.config() {\"config\":{}}"}}
[debug] [2023-12-20T14:22:09.039Z] [runtime-status] [43535] firebase-functions has been stubbed. {"functionsResolution":{"declared":true,"installed":true,"version":"4.5.0","resolution":"/Users/zaki/Library/webb/lia-mapp/taxi/functions/node_modules/firebase-functions/lib/v1/index.js"}} {"metadata":{"emulator":{"name":"functions"},"function":{"name":"us-central1-helloWorld"},"extension":{},"message":"[runtime-status] [43535] firebase-functions has been stubbed. {\"functionsResolution\":{\"declared\":true,\"installed\":true,\"version\":\"4.5.0\",\"resolution\":\"/Users/zaki/Library/webb/lia-mapp/taxi/functions/node_modules/firebase-functions/lib/v1/index.js\"}}"}}
[debug] [2023-12-20T14:22:09.040Z] [runtime-status] [43535] Resolved module firebase-functions {"declared":true,"installed":true,"version":"4.5.0","resolution":"/Users/zaki/Library/webb/lia-mapp/taxi/functions/node_modules/firebase-functions/lib/v1/index.js"} {"metadata":{"emulator":{"name":"functions"},"function":{"name":"us-central1-helloWorld"},"extension":{},"message":"[runtime-status] [43535] Resolved module firebase-functions {\"declared\":true,\"installed\":true,\"version\":\"4.5.0\",\"resolution\":\"/Users/zaki/Library/webb/lia-mapp/taxi/functions/node_modules/firebase-functions/lib/v1/index.js\"}"}}
[debug] [2023-12-20T14:22:09.040Z] [runtime-status] [43535] Resolved module firebase-admin {"declared":true,"installed":true,"version":"11.11.1","resolution":"/Users/zaki/Library/webb/lia-mapp/taxi/functions/node_modules/firebase-admin/lib/index.js"} {"metadata":{"emulator":{"name":"functions"},"function":{"name":"us-central1-helloWorld"},"extension":{},"message":"[runtime-status] [43535] Resolved module firebase-admin {\"declared\":true,\"installed\":true,\"version\":\"11.11.1\",\"resolution\":\"/Users/zaki/Library/webb/lia-mapp/taxi/functions/node_modules/firebase-admin/lib/index.js\"}"}}
[debug] [2023-12-20T14:22:09.042Z] [runtime-status] [43535] Resolved module firebase-functions {"declared":true,"installed":true,"version":"4.5.0","resolution":"/Users/zaki/Library/webb/lia-mapp/taxi/functions/node_modules/firebase-functions/lib/v1/index.js"} {"metadata":{"emulator":{"name":"functions"},"function":{"name":"us-central1-helloWorld"},"extension":{},"message":"[runtime-status] [43535] Resolved module firebase-functions {\"declared\":true,\"installed\":true,\"version\":\"4.5.0\",\"resolution\":\"/Users/zaki/Library/webb/lia-mapp/taxi/functions/node_modules/firebase-functions/lib/v1/index.js\"}"}}
[debug] [2023-12-20T14:22:09.043Z] [runtime-status] [43535] firebase-admin has been stubbed. {"adminResolution":{"declared":true,"installed":true,"version":"11.11.1","resolution":"/Users/zaki/Library/webb/lia-mapp/taxi/functions/node_modules/firebase-admin/lib/index.js"}} {"metadata":{"emulator":{"name":"functions"},"function":{"name":"us-central1-helloWorld"},"extension":{},"message":"[runtime-status] [43535] firebase-admin has been stubbed. {\"adminResolution\":{\"declared\":true,\"installed\":true,\"version\":\"11.11.1\",\"resolution\":\"/Users/zaki/Library/webb/lia-mapp/taxi/functions/node_modules/firebase-admin/lib/index.js\"}}"}}
[debug] [2023-12-20T14:22:09.115Z] [runtime-status] [43535] Functions runtime initialized. {"cwd":"/Users/zaki/Library/webb/lia-mapp/taxi/functions","node_version":"18.5.0"} {"metadata":{"emulator":{"name":"functions"},"function":{"name":"us-central1-helloWorld"},"extension":{},"message":"[runtime-status] [43535] Functions runtime initialized. {\"cwd\":\"/Users/zaki/Library/webb/lia-mapp/taxi/functions\",\"node_version\":\"18.5.0\"}"}}
[debug] [2023-12-20T14:22:09.115Z] [runtime-status] [43535] Listening to port: /var/folders/y3/959kxsqs3tq53k92sl8pkqr40000gn/T/fire_emu_2532e3fd95b46f9f.sock {"metadata":{"emulator":{"name":"functions"},"function":{"name":"us-central1-helloWorld"},"extension":{},"message":"[runtime-status] [43535] Listening to port: /var/folders/y3/959kxsqs3tq53k92sl8pkqr40000gn/T/fire_emu_2532e3fd95b46f9f.sock"}}
[debug] [2023-12-20T14:22:09.212Z] [worker-us-central1-helloWorld-eb5453f1-ec1e-4c89-a4f1-d01c63217c20]: IDLE {"metadata":{"emulator":{"name":"functions"},"function":{"name":"us-central1-helloWorld"},"extension":{},"message":"[worker-us-central1-helloWorld-eb5453f1-ec1e-4c89-a4f1-d01c63217c20]: IDLE"}}
[debug] [2023-12-20T14:22:09.213Z] [worker-pool] submitRequest(triggerId=us-central1-helloWorld) {"metadata":{"emulator":{"name":"functions"},"message":"[worker-pool] submitRequest(triggerId=us-central1-helloWorld)"}}
[info] i  functions: Beginning execution of "us-central1-helloWorld" {"metadata":{"emulator":{"name":"functions"},"function":{"name":"us-central1-helloWorld"},"extension":{},"message":"Beginning execution of \"us-central1-helloWorld\""}}
[debug] [2023-12-20T14:22:09.216Z] [worker-us-central1-helloWorld-eb5453f1-ec1e-4c89-a4f1-d01c63217c20]: BUSY {"metadata":{"emulator":{"name":"functions"},"function":{"name":"us-central1-helloWorld"},"extension":{},"message":"[worker-us-central1-helloWorld-eb5453f1-ec1e-4c89-a4f1-d01c63217c20]: BUSY"}}
[info] >  {"structuredData":true,"severity":"INFO","message":"Hello logs!"} {"user":{"structuredData":true,"severity":"INFO","message":"Hello logs!"},"metadata":{"emulator":{"name":"functions"},"function":{"name":"us-central1-helloWorld"},"extension":{},"message":"\u001b[90m> \u001b[39m {\"structuredData\":true,\"severity\":\"INFO\",\"message\":\"Hello logs!\"}"}}
[debug] [2023-12-20T14:22:09.229Z] Finishing up request with event=pause {"metadata":{"emulator":{"name":"functions"},"function":{"name":"us-central1-helloWorld"},"extension":{},"message":"Finishing up request with event=pause"}}
[info] i  functions: Finished "us-central1-helloWorld" in 12.797291ms {"metadata":{"emulator":{"name":"functions"},"function":{"name":"us-central1-helloWorld"},"extension":{},"message":"Finished \"us-central1-helloWorld\" in 12.797291ms"}}
[debug] [2023-12-20T14:22:09.229Z] [worker-us-central1-helloWorld-eb5453f1-ec1e-4c89-a4f1-d01c63217c20]: IDLE {"metadata":{"emulator":{"name":"functions"},"function":{"name":"us-central1-helloWorld"},"extension":{},"message":"[worker-us-central1-helloWorld-eb5453f1-ec1e-4c89-a4f1-d01c63217c20]: IDLE"}}
[debug] [2023-12-20T14:22:09.229Z] Finishing up request with event=finish {"metadata":{"emulator":{"name":"functions"},"function":{"name":"us-central1-helloWorld"},"extension":{},"message":"Finishing up request with event=finish"}}
[debug] [2023-12-20T14:22:09.229Z] Finishing up request with event=close {"metadata":{"emulator":{"name":"functions"},"function":{"name":"us-central1-helloWorld"},"extension":{},"message":"Finishing up request with event=close"}}
[debug] [2023-12-20T14:22:09.229Z] [work-queue] {"queuedWork":[],"queueLength":0,"runningWork":[],"workRunningCount":0}
[debug] [2023-12-25T12:00:13.210Z] [worker-us-central1-helloWorld-eb5453f1-ec1e-4c89-a4f1-d01c63217c20]: exited {"metadata":{"emulator":{"name":"functions"},"function":{"name":"us-central1-helloWorld"},"extension":{},"message":"[worker-us-central1-helloWorld-eb5453f1-ec1e-4c89-a4f1-d01c63217c20]: exited"}}
[debug] [2023-12-25T12:00:13.228Z] [worker-us-central1-helloWorld-eb5453f1-ec1e-4c89-a4f1-d01c63217c20]: FINISHED {"metadata":{"emulator":{"name":"functions"},"function":{"name":"us-central1-helloWorld"},"extension":{},"message":"[worker-us-central1-helloWorld-eb5453f1-ec1e-4c89-a4f1-d01c63217c20]: FINISHED"}}
[debug] [2023-12-25T12:00:13.243Z] Received signal SIGHUP 1
[info]  
[info] i  emulators: Received SIGHUP for the first time. Starting a clean shutdown. 
[info] i  emulators: Please wait for a clean shutdown or send the SIGHUP signal again to stop right now. 
[debug] [2023-12-25T12:00:13.287Z] Error: write EIO
    at afterWriteDispatched (node:internal/stream_base_commons:160:15)
    at writeGeneric (node:internal/stream_base_commons:151:3)
    at Socket._writeGeneric (node:net:863:11)
    at Socket._write (node:net:875:8)
    at writeOrBuffer (node:internal/streams/writable:392:12)
    at _write (node:internal/streams/writable:333:10)
    at Writable.write (node:internal/streams/writable:337:10)
    at Console.log (/Users/zaki/.cache/firebase/tools/lib/node_modules/winston/lib/winston/transports/console.js:79:23)
    at Console._write (/Users/zaki/.cache/firebase/tools/lib/node_modules/winston-transport/index.js:103:17)
    at doWrite (/Users/zaki/.cache/firebase/tools/lib/node_modules/readable-stream/lib/_stream_writable.js:390:139)
[error] 
[error] Error: An unexpected error has occurred.
[debug] [2023-12-25T12:00:13.293Z] Error: write EIO
    at afterWriteDispatched (node:internal/stream_base_commons:160:15)
    at writeGeneric (node:internal/stream_base_commons:151:3)
    at Socket._writeGeneric (node:net:863:11)
    at Socket._write (node:net:875:8)
    at writeOrBuffer (node:internal/streams/writable:392:12)
    at _write (node:internal/streams/writable:333:10)
    at Writable.write (node:internal/streams/writable:337:10)
    at Console.log (/Users/zaki/.cache/firebase/tools/lib/node_modules/winston/lib/winston/transports/console.js:79:23)
    at Console._write (/Users/zaki/.cache/firebase/tools/lib/node_modules/winston-transport/index.js:103:17)
    at doWrite (/Users/zaki/.cache/firebase/tools/lib/node_modules/readable-stream/lib/_stream_writable.js:390:139)
[error] 
[error] Error: An unexpected error has occurred.
[debug] [2023-12-25T12:00:13.296Z] Error: write EIO
    at afterWriteDispatched (node:internal/stream_base_commons:160:15)
    at writeGeneric (node:internal/stream_base_commons:151:3)
    at Socket._writeGeneric (node:net:863:11)
    at Socket._write (node:net:875:8)
    at writeOrBuffer (node:internal/streams/writable:392:12)
    at _write (node:internal/streams/writable:333:10)
    at Writable.write (node:internal/streams/writable:337:10)
    at Console.log (/Users/zaki/.cache/firebase/tools/lib/node_modules/winston/lib/winston/transports/console.js:79:23)
    at Console._write (/Users/zaki/.cache/firebase/tools/lib/node_modules/winston-transport/index.js:103:17)
    at doWrite (/Users/zaki/.cache/firebase/tools/lib/node_modules/readable-stream/lib/_stream_writable.js:390:139)
[error] 
[error] Error: An unexpected error has occurred.
[debug] [2023-12-25T12:00:13.304Z] Error: write EIO
    at afterWriteDispatched (node:internal/stream_base_commons:160:15)
    at writeGeneric (node:internal/stream_base_commons:151:3)
    at Socket._writeGeneric (node:net:863:11)
    at Socket._write (node:net:875:8)
    at writeOrBuffer (node:internal/streams/writable:392:12)
    at _write (node:internal/streams/writable:333:10)
    at Writable.write (node:internal/streams/writable:337:10)
    at Console.log (/Users/zaki/.cache/firebase/tools/lib/node_modules/winston/lib/winston/transports/console.js:79:23)
    at Console._write (/Users/zaki/.cache/firebase/tools/lib/node_modules/winston-transport/index.js:103:17)
    at doWrite (/Users/zaki/.cache/firebase/tools/lib/node_modules/readable-stream/lib/_stream_writable.js:390:139)
[error] 
[error] Error: An unexpected error has occurred.
[debug] [2023-12-25T12:00:13.313Z] Error: write EIO
    at afterWriteDispatched (node:internal/stream_base_commons:160:15)
    at writeGeneric (node:internal/stream_base_commons:151:3)
    at Socket._writeGeneric (node:net:863:11)
    at Socket._write (node:net:875:8)
    at writeOrBuffer (node:internal/streams/writable:392:12)
    at _write (node:internal/streams/writable:333:10)
    at Writable.write (node:internal/streams/writable:337:10)
    at Console.log (/Users/zaki/.cache/firebase/tools/lib/node_modules/winston/lib/winston/transports/console.js:79:23)
    at Console._write (/Users/zaki/.cache/firebase/tools/lib/node_modules/winston-transport/index.js:103:17)
    at doWrite (/Users/zaki/.cache/firebase/tools/lib/node_modules/readable-stream/lib/_stream_writable.js:390:139)
[error] 
[error] Error: An unexpected error has occurred.
[debug] [2023-12-25T12:00:13.314Z] Error: write EIO
    at afterWriteDispatched (node:internal/stream_base_commons:160:15)
    at writeGeneric (node:internal/stream_base_commons:151:3)
    at Socket._writeGeneric (node:net:863:11)
    at Socket._write (node:net:875:8)
    at writeOrBuffer (node:internal/streams/writable:392:12)
    at _write (node:internal/streams/writable:333:10)
    at Writable.write (node:internal/streams/writable:337:10)
    at Console.log (/Users/zaki/.cache/firebase/tools/lib/node_modules/winston/lib/winston/transports/console.js:79:23)
    at Console._write (/Users/zaki/.cache/firebase/tools/lib/node_modules/winston-transport/index.js:103:17)
    at doWrite (/Users/zaki/.cache/firebase/tools/lib/node_modules/readable-stream/lib/_stream_writable.js:390:139)
[error] 
[error] Error: An unexpected error has occurred.
[debug] [2023-12-25T12:00:13.315Z] Error: write EIO
    at afterWriteDispatched (node:internal/stream_base_commons:160:15)
    at writeGeneric (node:internal/stream_base_commons:151:3)
    at Socket._writeGeneric (node:net:863:11)
    at Socket._write (node:net:875:8)
    at writeOrBuffer (node:internal/streams/writable:392:12)
    at _write (node:internal/streams/writable:333:10)
    at Writable.write (node:internal/streams/writable:337:10)
    at Console.log (/Users/zaki/.cache/firebase/tools/lib/node_modules/winston/lib/winston/transports/console.js:79:23)
    at Console._write (/Users/zaki/.cache/firebase/tools/lib/node_modules/winston-transport/index.js:103:17)
    at doWrite (/Users/zaki/.cache/firebase/tools/lib/node_modules/readable-stream/lib/_stream_writable.js:390:139)
[error] 
[error] Error: An unexpected error has occurred.
[debug] [2023-12-25T12:00:13.316Z] Error: write EIO
    at afterWriteDispatched (node:internal/stream_base_commons:160:15)
    at writeGeneric (node:internal/stream_base_commons:151:3)
    at Socket._writeGeneric (node:net:863:11)
    at Socket._write (node:net:875:8)
    at writeOrBuffer (node:internal/streams/writable:392:12)
    at _write (node:internal/streams/writable:333:10)
    at Writable.write (node:internal/streams/writable:337:10)
    at Console.log (/Users/zaki/.cache/firebase/tools/lib/node_modules/winston/lib/winston/transports/console.js:79:23)
    at Console._write (/Users/zaki/.cache/firebase/tools/lib/node_modules/winston-transport/index.js:103:17)
    at doWrite (/Users/zaki/.cache/firebase/tools/lib/node_modules/readable-stream/lib/_stream_writable.js:390:139)
[error] 
[error] Error: An unexpected error has occurred.
[debug] [2023-12-25T12:00:13.322Z] Error: write EIO
    at afterWriteDispatched (node:internal/stream_base_commons:160:15)
    at writeGeneric (node:internal/stream_base_commons:151:3)
    at Socket._writeGeneric (node:net:863:11)
    at Socket._write (node:net:875:8)
    at writeOrBuffer (node:internal/streams/writable:392:12)
    at _write (node:internal/streams/writable:333:10)
    at Writable.write (node:internal/streams/writable:337:10)
    at Console.log (/Users/zaki/.cache/firebase/tools/lib/node_modules/winston/lib/winston/transports/console.js:79:23)
    at Console._write (/Users/zaki/.cache/firebase/tools/lib/node_modules/winston-transport/index.js:103:17)
    at doWrite (/Users/zaki/.cache/firebase/tools/lib/node_modules/readable-stream/lib/_stream_writable.js:390:139)
[error] 
[error] Error: An unexpected error has occurred.
[debug] [2023-12-25T12:00:13.323Z] Error: write EIO
    at afterWriteDispatched (node:internal/stream_base_commons:160:15)
    at writeGeneric (node:internal/stream_base_commons:151:3)
    at Socket._writeGeneric (node:net:863:11)
    at Socket._write (node:net:875:8)
    at writeOrBuffer (node:internal/streams/writable:392:12)
    at _write (node:internal/streams/writable:333:10)
    at Writable.write (node:internal/streams/writable:337:10)
    at Console.log (/Users/zaki/.cache/firebase/tools/lib/node_modules/winston/lib/winston/transports/console.js:79:23)
    at Console._write (/Users/zaki/.cache/firebase/tools/lib/node_modules/winston-transport/index.js:103:17)
    at doWrite (/Users/zaki/.cache/firebase/tools/lib/node_modules/readable-stream/lib/_stream_writable.js:390:139)
[error] 
[error] Error: An unexpected error has occurred.
[debug] [2023-12-25T12:00:13.327Z] Error: write EIO
    at afterWriteDispatched (node:internal/stream_base_commons:160:15)
    at writeGeneric (node:internal/stream_base_commons:151:3)
    at Socket._writeGeneric (node:net:863:11)
    at Socket._write (node:net:875:8)
    at writeOrBuffer (node:internal/streams/writable:392:12)
    at _write (node:internal/streams/writable:333:10)
    at Writable.write (node:internal/streams/writable:337:10)
    at Console.log (/Users/zaki/.cache/firebase/tools/lib/node_modules/winston/lib/winston/transports/console.js:79:23)
    at Console._write (/Users/zaki/.cache/firebase/tools/lib/node_modules/winston-transport/index.js:103:17)
    at doWrite (/Users/zaki/.cache/firebase/tools/lib/node_modules/readable-stream/lib/_stream_writable.js:390:139)
[error] 
[error] Error: An unexpected error has occurred.
[debug] [2023-12-25T12:00:13.329Z] Error: write EIO
    at afterWriteDispatched (node:internal/stream_base_commons:160:15)
    at writeGeneric (node:internal/stream_base_commons:151:3)
    at Socket._writeGeneric (node:net:863:11)
    at Socket._write (node:net:875:8)
    at writeOrBuffer (node:internal/streams/writable:392:12)
    at _write (node:internal/streams/writable:333:10)
    at Writable.write (node:internal/streams/writable:337:10)
    at Console.log (/Users/zaki/.cache/firebase/tools/lib/node_modules/winston/lib/winston/transports/console.js:79:23)
    at Console._write (/Users/zaki/.cache/firebase/tools/lib/node_modules/winston-transport/index.js:103:17)
    at doWrite (/Users/zaki/.cache/firebase/tools/lib/node_modules/readable-stream/lib/_stream_writable.js:390:139)
[error] 
[error] Error: An unexpected error has occurred.
[debug] [2023-12-25T12:00:13.330Z] Error: write EIO
    at afterWriteDispatched (node:internal/stream_base_commons:160:15)
    at writeGeneric (node:internal/stream_base_commons:151:3)
    at Socket._writeGeneric (node:net:863:11)
    at Socket._write (node:net:875:8)
    at writeOrBuffer (node:internal/streams/writable:392:12)
    at _write (node:internal/streams/writable:333:10)
    at Writable.write (node:internal/streams/writable:337:10)
    at Console.log (/Users/zaki/.cache/firebase/tools/lib/node_modules/winston/lib/winston/transports/console.js:79:23)
    at Console._write (/Users/zaki/.cache/firebase/tools/lib/node_modules/winston-transport/index.js:103:17)
    at doWrite (/Users/zaki/.cache/firebase/tools/lib/node_modules/readable-stream/lib/_stream_writable.js:390:139)
[error] 
[error] Error: An unexpected error has occurred.
[debug] [2023-12-25T12:00:13.330Z] Error: write EIO
    at afterWriteDispatched (node:internal/stream_base_commons:160:15)
    at writeGeneric (node:internal/stream_base_commons:151:3)
    at Socket._writeGeneric (node:net:863:11)
    at Socket._write (node:net:875:8)
    at writeOrBuffer (node:internal/streams/writable:392:12)
    at _write (node:internal/streams/writable:333:10)
    at Writable.write (node:internal/streams/writable:337:10)
    at Console.log (/Users/zaki/.cache/firebase/tools/lib/node_modules/winston/lib/winston/transports/console.js:79:23)
    at Console._write (/Users/zaki/.cache/firebase/tools/lib/node_modules/winston-transport/index.js:103:17)
    at doWrite (/Users/zaki/.cache/firebase/tools/lib/node_modules/readable-stream/lib/_stream_writable.js:390:139)
[error] 
[error] Error: An unexpected error has occurred.
[debug] [2023-12-25T12:00:13.331Z] Error: write EIO
    at afterWriteDispatched (node:internal/stream_base_commons:160:15)
    at writeGeneric (node:internal/stream_base_commons:151:3)
    at Socket._writeGeneric (node:net:863:11)
    at Socket._write (node:net:875:8)
    at writeOrBuffer (node:internal/streams/writable:392:12)
    at _write (node:internal/streams/writable:333:10)
    at Writable.write (node:internal/streams/writable:337:10)
    at Console.log (/Users/zaki/.cache/firebase/tools/lib/node_modules/winston/lib/winston/transports/console.js:79:23)
    at Console._write (/Users/zaki/.cache/firebase/tools/lib/node_modules/winston-transport/index.js:103:17)
    at doWrite (/Users/zaki/.cache/firebase/tools/lib/node_modules/readable-stream/lib/_stream_writable.js:390:139)
[error] 
[error] Error: An unexpected error has occurred.
[debug] [2023-12-25T12:00:13.339Z] Error: write EIO
    at afterWriteDispatched (node:internal/stream_base_commons:160:15)
    at writeGeneric (node:internal/stream_base_commons:151:3)
    at Socket._writeGeneric (node:net:863:11)
    at Socket._write (node:net:875:8)
    at writeOrBuffer (node:internal/streams/writable:392:12)
    at _write (node:internal/streams/writable:333:10)
    at Writable.write (node:internal/streams/writable:337:10)
    at Console.log (/Users/zaki/.cache/firebase/tools/lib/node_modules/winston/lib/winston/transports/console.js:79:23)
    at Console._write (/Users/zaki/.cache/firebase/tools/lib/node_modules/winston-transport/index.js:103:17)
    at doWrite (/Users/zaki/.cache/firebase/tools/lib/node_modules/readable-stream/lib/_stream_writable.js:390:139)
[error] 
[error] Error: An unexpected error has occurred.
[debug] [2023-12-25T12:00:13.340Z] Error: write EIO
    at afterWriteDispatched (node:internal/stream_base_commons:160:15)
    at writeGeneric (node:internal/stream_base_commons:151:3)
    at Socket._writeGeneric (node:net:863:11)
    at Socket._write (node:net:875:8)
    at writeOrBuffer (node:internal/streams/writable:392:12)
    at _write (node:internal/streams/writable:333:10)
    at Writable.write (node:internal/streams/writable:337:10)
    at Console.log (/Users/zaki/.cache/firebase/tools/lib/node_modules/winston/lib/winston/transports/console.js:79:23)
    at Console._write (/Users/zaki/.cache/firebase/tools/lib/node_modules/winston-transport/index.js:103:17)
    at doWrite (/Users/zaki/.cache/firebase/tools/lib/node_modules/readable-stream/lib/_stream_writable.js:390:139)
[error] 
[error] Error: An unexpected error has occurred.
[debug] [2023-12-25T12:00:13.341Z] Error: write EIO
    at afterWriteDispatched (node:internal/stream_base_commons:160:15)
    at writeGeneric (node:internal/stream_base_commons:151:3)
    at Socket._writeGeneric (node:net:863:11)
    at Socket._write (node:net:875:8)
    at writeOrBuffer (node:internal/streams/writable:392:12)
    at _write (node:internal/streams/writable:333:10)
    at Writable.write (node:internal/streams/writable:337:10)
    at Console.log (/Users/zaki/.cache/firebase/tools/lib/node_modules/winston/lib/winston/transports/console.js:79:23)
    at Console._write (/Users/zaki/.cache/firebase/tools/lib/node_modules/winston-transport/index.js:103:17)
    at doWrite (/Users/zaki/.cache/firebase/tools/lib/node_modules/readable-stream/lib/_stream_writable.js:390:139)
[error] 
[error] Error: An unexpected error has occurred.
[debug] [2023-12-25T12:00:13.343Z] Error: write EIO
    at afterWriteDispatched (node:internal/stream_base_commons:160:15)
    at writeGeneric (node:internal/stream_base_commons:151:3)
    at Socket._writeGeneric (node:net:863:11)
    at Socket._write (node:net:875:8)
    at writeOrBuffer (node:internal/streams/writable:392:12)
    at _write (node:internal/streams/writable:333:10)
    at Writable.write (node:internal/streams/writable:337:10)
    at Console.log (/Users/zaki/.cache/firebase/tools/lib/node_modules/winston/lib/winston/transports/console.js:79:23)
    at Console._write (/Users/zaki/.cache/firebase/tools/lib/node_modules/winston-transport/index.js:103:17)
    at doWrite (/Users/zaki/.cache/firebase/tools/lib/node_modules/readable-stream/lib/_stream_writable.js:390:139)
[error] 
[debug] [2024-01-08T12:56:38.506Z] ----------------------------------------------------------------------
[debug] [2024-01-08T12:56:38.507Z] Command:       /usr/local/bin/firebase /Users/zaki/.cache/firebase/tools/lib/node_modules/firebase-tools/lib/bin/firebase emulators:start --only functions
[debug] [2024-01-08T12:56:38.507Z] CLI Version:   13.0.2
[debug] [2024-01-08T12:56:38.508Z] Platform:      darwin
[debug] [2024-01-08T12:56:38.508Z] Node Version:  v18.5.0
[debug] [2024-01-08T12:56:38.513Z] Time:          Mon Jan 08 2024 13:56:38 GMT+0100 (Central European Standard Time)
[debug] [2024-01-08T12:56:38.513Z] ----------------------------------------------------------------------
[debug] 
[debug] [2024-01-08T12:56:38.516Z] >>> [apiv2][query] GET https://firebase-public.firebaseio.com/cli.json [none]
[debug] [2024-01-08T12:56:38.657Z] > command requires scopes: ["email","openid","https://www.googleapis.com/auth/cloudplatformprojects.readonly","https://www.googleapis.com/auth/firebase","https://www.googleapis.com/auth/cloud-platform"]
[debug] [2024-01-08T12:56:38.658Z] > authorizing via signed-in user (sakariyassaadaq@gmail.com)
[info] i  emulators: Starting emulators: functions {"metadata":{"emulator":{"name":"hub"},"message":"Starting emulators: functions"}}
[debug] [2024-01-08T12:56:38.913Z] [logging] Logging Emulator only supports listening on one address (127.0.0.1). Not listening on ::1
[debug] [2024-01-08T12:56:38.914Z] assigned listening specs for emulators {"user":{"hub":[{"address":"127.0.0.1","family":"IPv4","port":4400},{"address":"::1","family":"IPv6","port":4400}],"ui":[{"address":"127.0.0.1","family":"IPv4","port":4000},{"address":"::1","family":"IPv6","port":4000}],"logging":[{"address":"127.0.0.1","family":"IPv4","port":4500}]},"metadata":{"message":"assigned listening specs for emulators"}}
[debug] [2024-01-08T12:56:38.925Z] [hub] writing locator at /var/folders/y3/959kxsqs3tq53k92sl8pkqr40000gn/T/hub-fir-realtime-339a1.json
[debug] [2024-01-08T12:56:39.102Z] [functions] Functions Emulator only supports listening on one address (127.0.0.1). Not listening on ::1
[debug] [2024-01-08T12:56:39.104Z] [eventarc] Eventarc Emulator only supports listening on one address (127.0.0.1). Not listening on ::1
[debug] [2024-01-08T12:56:39.104Z] late-assigned ports for functions and eventarc emulators {"user":{"hub":[{"address":"127.0.0.1","family":"IPv4","port":4400},{"address":"::1","family":"IPv6","port":4400}],"ui":[{"address":"127.0.0.1","family":"IPv4","port":4000},{"address":"::1","family":"IPv6","port":4000}],"logging":[{"address":"127.0.0.1","family":"IPv4","port":4500}],"functions":[{"address":"127.0.0.1","family":"IPv4","port":5001}],"eventarc":[{"address":"127.0.0.1","family":"IPv4","port":9299}]},"metadata":{"message":"late-assigned ports for functions and eventarc emulators"}}
[warn] ⚠  functions: The following emulators are not running, calls to these services from the Functions emulator will affect production: auth, firestore, database, hosting, pubsub, storage {"metadata":{"emulator":{"name":"functions"},"message":"The following emulators are not running, calls to these services from the Functions emulator will affect production: \u001b[1mauth, firestore, database, hosting, pubsub, storage\u001b[22m"}}
[debug] [2024-01-08T12:56:39.108Z] defaultcredentials: writing to file /Users/zaki/.config/firebase/sakariyassaadaq_gmail_com_application_default_credentials.json
[debug] [2024-01-08T12:56:39.111Z] Setting GAC to /Users/zaki/.config/firebase/sakariyassaadaq_gmail_com_application_default_credentials.json {"metadata":{"emulator":{"name":"functions"},"message":"Setting GAC to /Users/zaki/.config/firebase/sakariyassaadaq_gmail_com_application_default_credentials.json"}}
[debug] [2024-01-08T12:56:39.114Z] > refreshing access token with scopes: []
[debug] [2024-01-08T12:56:39.116Z] >>> [apiv2][query] POST https://www.googleapis.com/oauth2/v3/token [none]
[debug] [2024-01-08T12:56:39.116Z] >>> [apiv2][body] POST https://www.googleapis.com/oauth2/v3/token [omitted]
[debug] [2024-01-08T12:56:39.217Z] <<< [apiv2][status] POST https://www.googleapis.com/oauth2/v3/token 200
[debug] [2024-01-08T12:56:39.218Z] <<< [apiv2][body] POST https://www.googleapis.com/oauth2/v3/token [omitted]
[debug] [2024-01-08T12:56:39.234Z] >>> [apiv2][query] GET https://firebase.googleapis.com/v1beta1/projects/fir-realtime-339a1/adminSdkConfig [none]
[debug] [2024-01-08T12:56:39.389Z] <<< [apiv2][status] GET https://firebase-public.firebaseio.com/cli.json 200
[debug] [2024-01-08T12:56:39.390Z] <<< [apiv2][body] GET https://firebase-public.firebaseio.com/cli.json {"cloudBuildErrorAfter":1594252800000,"cloudBuildWarnAfter":1590019200000,"defaultNode10After":1594252800000,"minVersion":"3.0.5","node8DeploysDisabledAfter":1613390400000,"node8RuntimeDisabledAfter":1615809600000,"node8WarnAfter":1600128000000}
[debug] [2024-01-08T12:56:39.535Z] <<< [apiv2][status] GET https://firebase.googleapis.com/v1beta1/projects/fir-realtime-339a1/adminSdkConfig 200
[debug] [2024-01-08T12:56:39.535Z] <<< [apiv2][body] GET https://firebase.googleapis.com/v1beta1/projects/fir-realtime-339a1/adminSdkConfig {"projectId":"fir-realtime-339a1","databaseURL":"https://fir-realtime-339a1-default-rtdb.europe-west1.firebasedatabase.app","storageBucket":"fir-realtime-339a1.appspot.com"}
[debug] [2024-01-08T12:56:39.572Z] Ignoring unsupported arg: auto_download {"metadata":{"emulator":{"name":"ui"},"message":"Ignoring unsupported arg: auto_download"}}
[debug] [2024-01-08T12:56:39.572Z] Ignoring unsupported arg: port {"metadata":{"emulator":{"name":"ui"},"message":"Ignoring unsupported arg: port"}}
[debug] [2024-01-08T12:56:39.572Z] Starting Emulator UI with command {"binary":"node","args":["/Users/zaki/.cache/firebase/emulators/ui-v1.11.7/server/server.js"],"optionalArgs":[],"joinArgs":false} {"metadata":{"emulator":{"name":"ui"},"message":"Starting Emulator UI with command {\"binary\":\"node\",\"args\":[\"/Users/zaki/.cache/firebase/emulators/ui-v1.11.7/server/server.js\"],\"optionalArgs\":[],\"joinArgs\":false}"}}
[info] i  ui: Emulator UI logging to ui-debug.log {"metadata":{"emulator":{"name":"ui"},"message":"Emulator UI logging to \u001b[1mui-debug.log\u001b[22m"}}
[debug] [2024-01-08T12:56:39.744Z] Web / API server started at 127.0.0.1:4000
 {"metadata":{"emulator":{"name":"ui"},"message":"Web / API server started at 127.0.0.1:4000\n"}}
[debug] [2024-01-08T12:56:39.745Z] Web / API server started at ::1:4000
 {"metadata":{"emulator":{"name":"ui"},"message":"Web / API server started at ::1:4000\n"}}
[info] i  functions: Watching "/Users/zaki/Library/webb/lia-mapp/taxi/functions" for Cloud Functions... {"metadata":{"emulator":{"name":"functions"},"message":"Watching \"/Users/zaki/Library/webb/lia-mapp/taxi/functions\" for Cloud Functions..."}}
[debug] [2024-01-08T12:56:39.868Z] Validating nodejs source
[warn] ⚠  functions: package.json indicates an outdated version of firebase-functions. Please upgrade using npm install --save firebase-functions@latest in your functions directory. 
[debug] [2024-01-08T12:56:40.769Z] > [functions] package.json contents: {
  "name": "functions",
  "description": "Cloud Functions for Firebase",
  "scripts": {
    "serve": "firebase emulators:start --only functions",
    "shell": "firebase functions:shell",
    "start": "npm run shell",
    "deploy": "firebase deploy --only functions",
    "logs": "firebase functions:log"
  },
  "engines": {
    "node": "18"
  },
  "main": "index.js",
  "dependencies": {
    "dotenv": "^16.3.1",
    "express": "^4.18.2",
    "firebase-admin": "^11.8.0",
    "firebase-functions": "^4.5.0"
  },
  "devDependencies": {
    "firebase-functions-test": "^3.1.0"
  },
  "private": true
}
[debug] [2024-01-08T12:56:40.769Z] Building nodejs source
[debug] [2024-01-08T12:56:40.770Z] Failed to find version of module node: reached end of search path /Users/zaki/Library/webb/lia-mapp/taxi/functions/node_modules
[info] ✔  functions: Using node@18 from host. 
[debug] [2024-01-08T12:56:40.773Z] Could not find functions.yaml. Must use http discovery
[debug] [2024-01-08T12:56:40.789Z] Found firebase-functions binary at '/Users/zaki/Library/webb/lia-mapp/taxi/functions/node_modules/.bin/firebase-functions'
[info] Serving at port 8886

[debug] [2024-01-08T12:56:41.446Z] Got response from /__/functions.yaml {"endpoints":{"helloWorld":{"availableMemoryMb":null,"timeoutSeconds":null,"minInstances":null,"maxInstances":null,"ingressSettings":null,"concurrency":null,"serviceAccountEmail":null,"vpc":null,"platform":"gcfv2","labels":{},"httpsTrigger":{},"entryPoint":"helloWorld"}},"specVersion":"v1alpha1","requiredAPIs":[]}
[info] ✔  functions: Loaded functions definitions from source: helloWorld. {"metadata":{"emulator":{"name":"functions"},"message":"Loaded functions definitions from source: helloWorld."}}
[info] ✔  functions[us-central1-helloWorld]: http function initialized (http://127.0.0.1:5001/fir-realtime-339a1/us-central1/helloWorld). {"metadata":{"emulator":{"name":"functions"},"message":"\u001b[1mhttp\u001b[22m function initialized (http://127.0.0.1:5001/fir-realtime-339a1/us-central1/helloWorld)."}}
[info] 
┌─────────────────────────────────────────────────────────────┐
│ ✔  All emulators ready! It is now safe to connect your app. │
│ i  View Emulator UI at http://127.0.0.1:4000/               │
└─────────────────────────────────────────────────────────────┘

┌───────────┬────────────────┬─────────────────────────────────┐
│ Emulator  │ Host:Port      │ View in Emulator UI             │
├───────────┼────────────────┼─────────────────────────────────┤
│ Functions │ 127.0.0.1:5001 │ http://127.0.0.1:4000/functions │
└───────────┴────────────────┴─────────────────────────────────┘
  Emulator Hub running at 127.0.0.1:4400
  Other reserved ports: 4500

Issues? Report them at https://github.com/firebase/firebase-tools/issues and attach the *-debug.log files.
 
[debug] [2024-01-08T12:56:55.732Z] [work-queue] {"queuedWork":["/fir-realtime-339a1/us-central1/helloWorld-2024-01-08T12:56:55.731Z"],"queueLength":1,"runningWork":[],"workRunningCount":0}
[debug] [2024-01-08T12:56:55.743Z] [work-queue] {"queuedWork":[],"queueLength":0,"runningWork":["/fir-realtime-339a1/us-central1/helloWorld-2024-01-08T12:56:55.731Z"],"workRunningCount":1}
[debug] [2024-01-08T12:56:55.746Z] Accepted request GET /fir-realtime-339a1/us-central1/helloWorld --> us-central1-helloWorld
[debug] [2024-01-08T12:56:55.750Z] [functions] Runtime ready! Sending request! {"metadata":{"emulator":{"name":"functions"},"message":"[functions] Runtime ready! Sending request!"}}
[debug] [2024-01-08T12:56:55.755Z] [functions] Got req.url=/fir-realtime-339a1/us-central1/helloWorld, mapping to path=/ {"metadata":{"emulator":{"name":"functions"},"message":"[functions] Got req.url=/fir-realtime-339a1/us-central1/helloWorld, mapping to path=/"}}
[debug] [2024-01-08T12:56:55.790Z] [worker-pool] addWorker(us-central1-helloWorld) {"metadata":{"emulator":{"name":"functions"},"message":"[worker-pool] addWorker(us-central1-helloWorld)"}}
[debug] [2024-01-08T12:56:55.792Z] [worker-pool] Adding worker with key us-central1-helloWorld, total=1 {"metadata":{"emulator":{"name":"functions"},"message":"[worker-pool] Adding worker with key us-central1-helloWorld, total=1"}}
[debug] [2024-01-08T12:56:56.669Z] [runtime-status] [10709] Resolved module firebase-admin {"declared":true,"installed":true,"version":"11.11.1","resolution":"/Users/zaki/Library/webb/lia-mapp/taxi/functions/node_modules/firebase-admin/lib/index.js"} {"metadata":{"emulator":{"name":"functions"},"function":{"name":"us-central1-helloWorld"},"extension":{},"message":"[runtime-status] [10709] Resolved module firebase-admin {\"declared\":true,\"installed\":true,\"version\":\"11.11.1\",\"resolution\":\"/Users/zaki/Library/webb/lia-mapp/taxi/functions/node_modules/firebase-admin/lib/index.js\"}"}}
[debug] [2024-01-08T12:56:56.671Z] [runtime-status] [10709] Resolved module firebase-functions {"declared":true,"installed":true,"version":"4.5.0","resolution":"/Users/zaki/Library/webb/lia-mapp/taxi/functions/node_modules/firebase-functions/lib/v1/index.js"} {"metadata":{"emulator":{"name":"functions"},"function":{"name":"us-central1-helloWorld"},"extension":{},"message":"[runtime-status] [10709] Resolved module firebase-functions {\"declared\":true,\"installed\":true,\"version\":\"4.5.0\",\"resolution\":\"/Users/zaki/Library/webb/lia-mapp/taxi/functions/node_modules/firebase-functions/lib/v1/index.js\"}"}}
[debug] [2024-01-08T12:56:56.671Z] [runtime-status] [10709] Outgoing network have been stubbed. [{"name":"http","status":"mocked"},{"name":"http","status":"mocked"},{"name":"https","status":"mocked"},{"name":"https","status":"mocked"},{"name":"net","status":"mocked"}] {"metadata":{"emulator":{"name":"functions"},"function":{"name":"us-central1-helloWorld"},"extension":{},"message":"[runtime-status] [10709] Outgoing network have been stubbed. [{\"name\":\"http\",\"status\":\"mocked\"},{\"name\":\"http\",\"status\":\"mocked\"},{\"name\":\"https\",\"status\":\"mocked\"},{\"name\":\"https\",\"status\":\"mocked\"},{\"name\":\"net\",\"status\":\"mocked\"}]"}}
[debug] [2024-01-08T12:56:56.672Z] [runtime-status] [10709] Resolved module firebase-functions {"declared":true,"installed":true,"version":"4.5.0","resolution":"/Users/zaki/Library/webb/lia-mapp/taxi/functions/node_modules/firebase-functions/lib/v1/index.js"} {"metadata":{"emulator":{"name":"functions"},"function":{"name":"us-central1-helloWorld"},"extension":{},"message":"[runtime-status] [10709] Resolved module firebase-functions {\"declared\":true,\"installed\":true,\"version\":\"4.5.0\",\"resolution\":\"/Users/zaki/Library/webb/lia-mapp/taxi/functions/node_modules/firebase-functions/lib/v1/index.js\"}"}}
[debug] [2024-01-08T12:56:56.814Z] [runtime-status] [10709] Checked functions.config() {"config":{}} {"metadata":{"emulator":{"name":"functions"},"function":{"name":"us-central1-helloWorld"},"extension":{},"message":"[runtime-status] [10709] Checked functions.config() {\"config\":{}}"}}
[debug] [2024-01-08T12:56:56.814Z] [runtime-status] [10709] firebase-functions has been stubbed. {"functionsResolution":{"declared":true,"installed":true,"version":"4.5.0","resolution":"/Users/zaki/Library/webb/lia-mapp/taxi/functions/node_modules/firebase-functions/lib/v1/index.js"}} {"metadata":{"emulator":{"name":"functions"},"function":{"name":"us-central1-helloWorld"},"extension":{},"message":"[runtime-status] [10709] firebase-functions has been stubbed. {\"functionsResolution\":{\"declared\":true,\"installed\":true,\"version\":\"4.5.0\",\"resolution\":\"/Users/zaki/Library/webb/lia-mapp/taxi/functions/node_modules/firebase-functions/lib/v1/index.js\"}}"}}
[debug] [2024-01-08T12:56:56.815Z] [runtime-status] [10709] Resolved module firebase-functions {"declared":true,"installed":true,"version":"4.5.0","resolution":"/Users/zaki/Library/webb/lia-mapp/taxi/functions/node_modules/firebase-functions/lib/v1/index.js"} {"metadata":{"emulator":{"name":"functions"},"function":{"name":"us-central1-helloWorld"},"extension":{},"message":"[runtime-status] [10709] Resolved module firebase-functions {\"declared\":true,\"installed\":true,\"version\":\"4.5.0\",\"resolution\":\"/Users/zaki/Library/webb/lia-mapp/taxi/functions/node_modules/firebase-functions/lib/v1/index.js\"}"}}
[debug] [2024-01-08T12:56:56.816Z] [runtime-status] [10709] Resolved module firebase-admin {"declared":true,"installed":true,"version":"11.11.1","resolution":"/Users/zaki/Library/webb/lia-mapp/taxi/functions/node_modules/firebase-admin/lib/index.js"} {"metadata":{"emulator":{"name":"functions"},"function":{"name":"us-central1-helloWorld"},"extension":{},"message":"[runtime-status] [10709] Resolved module firebase-admin {\"declared\":true,\"installed\":true,\"version\":\"11.11.1\",\"resolution\":\"/Users/zaki/Library/webb/lia-mapp/taxi/functions/node_modules/firebase-admin/lib/index.js\"}"}}
[debug] [2024-01-08T12:56:56.817Z] [runtime-status] [10709] Resolved module firebase-functions {"declared":true,"installed":true,"version":"4.5.0","resolution":"/Users/zaki/Library/webb/lia-mapp/taxi/functions/node_modules/firebase-functions/lib/v1/index.js"} {"metadata":{"emulator":{"name":"functions"},"function":{"name":"us-central1-helloWorld"},"extension":{},"message":"[runtime-status] [10709] Resolved module firebase-functions {\"declared\":true,\"installed\":true,\"version\":\"4.5.0\",\"resolution\":\"/Users/zaki/Library/webb/lia-mapp/taxi/functions/node_modules/firebase-functions/lib/v1/index.js\"}"}}
[debug] [2024-01-08T12:56:56.817Z] [runtime-status] [10709] firebase-admin has been stubbed. {"adminResolution":{"declared":true,"installed":true,"version":"11.11.1","resolution":"/Users/zaki/Library/webb/lia-mapp/taxi/functions/node_modules/firebase-admin/lib/index.js"}} {"metadata":{"emulator":{"name":"functions"},"function":{"name":"us-central1-helloWorld"},"extension":{},"message":"[runtime-status] [10709] firebase-admin has been stubbed. {\"adminResolution\":{\"declared\":true,\"installed\":true,\"version\":\"11.11.1\",\"resolution\":\"/Users/zaki/Library/webb/lia-mapp/taxi/functions/node_modules/firebase-admin/lib/index.js\"}}"}}
[debug] [2024-01-08T12:56:56.889Z] [runtime-status] [10709] Functions runtime initialized. {"cwd":"/Users/zaki/Library/webb/lia-mapp/taxi/functions","node_version":"18.5.0"} {"metadata":{"emulator":{"name":"functions"},"function":{"name":"us-central1-helloWorld"},"extension":{},"message":"[runtime-status] [10709] Functions runtime initialized. {\"cwd\":\"/Users/zaki/Library/webb/lia-mapp/taxi/functions\",\"node_version\":\"18.5.0\"}"}}
[debug] [2024-01-08T12:56:56.891Z] [runtime-status] [10709] Listening to port: /var/folders/y3/959kxsqs3tq53k92sl8pkqr40000gn/T/fire_emu_6fa0abde4f60de37.sock {"metadata":{"emulator":{"name":"functions"},"function":{"name":"us-central1-helloWorld"},"extension":{},"message":"[runtime-status] [10709] Listening to port: /var/folders/y3/959kxsqs3tq53k92sl8pkqr40000gn/T/fire_emu_6fa0abde4f60de37.sock"}}
[debug] [2024-01-08T12:56:56.926Z] [worker-us-central1-helloWorld-403b4b49-7d9a-4d8d-bfcd-8364fbc3a888]: IDLE {"metadata":{"emulator":{"name":"functions"},"function":{"name":"us-central1-helloWorld"},"extension":{},"message":"[worker-us-central1-helloWorld-403b4b49-7d9a-4d8d-bfcd-8364fbc3a888]: IDLE"}}
[debug] [2024-01-08T12:56:56.927Z] [worker-pool] submitRequest(triggerId=us-central1-helloWorld) {"metadata":{"emulator":{"name":"functions"},"message":"[worker-pool] submitRequest(triggerId=us-central1-helloWorld)"}}
[info] i  functions: Beginning execution of "us-central1-helloWorld" {"metadata":{"emulator":{"name":"functions"},"function":{"name":"us-central1-helloWorld"},"extension":{},"message":"Beginning execution of \"us-central1-helloWorld\""}}
[debug] [2024-01-08T12:56:56.929Z] [worker-us-central1-helloWorld-403b4b49-7d9a-4d8d-bfcd-8364fbc3a888]: BUSY {"metadata":{"emulator":{"name":"functions"},"function":{"name":"us-central1-helloWorld"},"extension":{},"message":"[worker-us-central1-helloWorld-403b4b49-7d9a-4d8d-bfcd-8364fbc3a888]: BUSY"}}
[info] >  {"structuredData":true,"severity":"INFO","message":"Hello logs!"} {"user":{"structuredData":true,"severity":"INFO","message":"Hello logs!"},"metadata":{"emulator":{"name":"functions"},"function":{"name":"us-central1-helloWorld"},"extension":{},"message":"\u001b[90m> \u001b[39m {\"structuredData\":true,\"severity\":\"INFO\",\"message\":\"Hello logs!\"}"}}
[debug] [2024-01-08T12:56:56.940Z] Finishing up request with event=pause {"metadata":{"emulator":{"name":"functions"},"function":{"name":"us-central1-helloWorld"},"extension":{},"message":"Finishing up request with event=pause"}}
[info] i  functions: Finished "us-central1-helloWorld" in 10.788291ms {"metadata":{"emulator":{"name":"functions"},"function":{"name":"us-central1-helloWorld"},"extension":{},"message":"Finished \"us-central1-helloWorld\" in 10.788291ms"}}
[debug] [2024-01-08T12:56:56.940Z] [worker-us-central1-helloWorld-403b4b49-7d9a-4d8d-bfcd-8364fbc3a888]: IDLE {"metadata":{"emulator":{"name":"functions"},"function":{"name":"us-central1-helloWorld"},"extension":{},"message":"[worker-us-central1-helloWorld-403b4b49-7d9a-4d8d-bfcd-8364fbc3a888]: IDLE"}}
[debug] [2024-01-08T12:56:56.940Z] Finishing up request with event=finish {"metadata":{"emulator":{"name":"functions"},"function":{"name":"us-central1-helloWorld"},"extension":{},"message":"Finishing up request with event=finish"}}
[debug] [2024-01-08T12:56:56.940Z] Finishing up request with event=close {"metadata":{"emulator":{"name":"functions"},"function":{"name":"us-central1-helloWorld"},"extension":{},"message":"Finishing up request with event=close"}}
[debug] [2024-01-08T12:56:56.940Z] [work-queue] {"queuedWork":[],"queueLength":0,"runningWork":[],"workRunningCount":0}
[debug] [2024-01-08T12:56:56.970Z] Functions emulator received unknown request at path /favicon.ico
[debug] [2024-01-08T12:59:31.442Z] File /Users/zaki/Library/webb/lia-mapp/taxi/functions/service.js changed, reloading triggers {"metadata":{"emulator":{"name":"functions"},"message":"File /Users/zaki/Library/webb/lia-mapp/taxi/functions/service.js changed, reloading triggers"}}
[debug] [2024-01-08T12:59:32.449Z] Validating nodejs source
[warn] ⚠  functions: package.json indicates an outdated version of firebase-functions. Please upgrade using npm install --save firebase-functions@latest in your functions directory. 
[debug] [2024-01-08T12:59:33.198Z] > [functions] package.json contents: {
  "name": "functions",
  "description": "Cloud Functions for Firebase",
  "scripts": {
    "serve": "firebase emulators:start --only functions",
    "shell": "firebase functions:shell",
    "start": "npm run shell",
    "deploy": "firebase deploy --only functions",
    "logs": "firebase functions:log"
  },
  "engines": {
    "node": "18"
  },
  "main": "index.js",
  "dependencies": {
    "dotenv": "^16.3.1",
    "express": "^4.18.2",
    "firebase-admin": "^11.8.0",
    "firebase-functions": "^4.5.0"
  },
  "devDependencies": {
    "firebase-functions-test": "^3.1.0"
  },
  "private": true
}
[debug] [2024-01-08T12:59:33.198Z] Building nodejs source
[debug] [2024-01-08T12:59:33.198Z] Failed to find version of module node: reached end of search path /Users/zaki/Library/webb/lia-mapp/taxi/functions/node_modules
[info] ✔  functions: Using node@18 from host. 
[debug] [2024-01-08T12:59:33.200Z] Could not find functions.yaml. Must use http discovery
[debug] [2024-01-08T12:59:33.203Z] Found firebase-functions binary at '/Users/zaki/Library/webb/lia-mapp/taxi/functions/node_modules/.bin/firebase-functions'
[info] Serving at port 8204

[debug] [2024-01-08T12:59:33.826Z] Got response from /__/functions.yaml {"endpoints":{"helloWorld":{"availableMemoryMb":null,"timeoutSeconds":null,"minInstances":null,"maxInstances":null,"ingressSettings":null,"concurrency":null,"serviceAccountEmail":null,"vpc":null,"platform":"gcfv2","labels":{},"httpsTrigger":{},"entryPoint":"helloWorld"}},"specVersion":"v1alpha1","requiredAPIs":[]}
[info] ✔  functions: Loaded functions definitions from source: helloWorld. {"metadata":{"emulator":{"name":"functions"},"message":"Loaded functions definitions from source: helloWorld."}}
[debug] [2024-01-08T12:59:33.851Z] [worker-pool] Shutting down IDLE worker (us-central1-helloWorld) {"metadata":{"emulator":{"name":"functions"},"message":"[worker-pool] Shutting down IDLE worker (us-central1-helloWorld)"}}
[debug] [2024-01-08T12:59:33.852Z] [worker-us-central1-helloWorld-403b4b49-7d9a-4d8d-bfcd-8364fbc3a888]: FINISHING {"metadata":{"emulator":{"name":"functions"},"function":{"name":"us-central1-helloWorld"},"extension":{},"message":"[worker-us-central1-helloWorld-403b4b49-7d9a-4d8d-bfcd-8364fbc3a888]: FINISHING"}}
[debug] [2024-01-08T12:59:33.864Z] [worker-us-central1-helloWorld-403b4b49-7d9a-4d8d-bfcd-8364fbc3a888]: exited {"metadata":{"emulator":{"name":"functions"},"function":{"name":"us-central1-helloWorld"},"extension":{},"message":"[worker-us-central1-helloWorld-403b4b49-7d9a-4d8d-bfcd-8364fbc3a888]: exited"}}
[debug] [2024-01-08T12:59:33.864Z] [worker-us-central1-helloWorld-403b4b49-7d9a-4d8d-bfcd-8364fbc3a888]: FINISHED {"metadata":{"emulator":{"name":"functions"},"function":{"name":"us-central1-helloWorld"},"extension":{},"message":"[worker-us-central1-helloWorld-403b4b49-7d9a-4d8d-bfcd-8364fbc3a888]: FINISHED"}}
